<?xml version="1.0" encoding="UTF-8" ?>
<testsuite tests="90" failures="0" name="feature.robot.RobotTest" time="0.02" errors="0" skipped="0">
  <properties>
[...]
</properties>
  <testcase classname="Given a robot thats not placed at on a table   " name="Given a robot thats not placed at on a table   " time="0.003"/>
  <testcase classname="When the robot is moved    " name="When the robot is moved    " time="0"/>
  <testcase classname="Then it gets a move warning message: Our brave little robot has not been placed on the table, it cant do anything yet :(     " name="Then it gets a move warning message: Our brave little robot has not been placed on the table, it cant do anything yet :" time="0"/>
  <testcase classname="When the robot is turned left      " name="When the robot is turned left      " time="0"/>
  <testcase classname="Then it gets a move warning message: Our brave little robot has not been placed on the table, it cant do anything yet :(       " name="Then it gets a move warning message: Our brave little robot has not been placed on the table, it cant do anything yet :" time="0"/>
  <testcase classname="When the robot is turned right        " name="When the robot is turned right        " time="0"/>
  <testcase classname="Then it gets a move warning message: Our brave little robot has not been placed on the table, it cant do anything yet :(         " name="Then it gets a move warning message: Our brave little robot has not been placed on the table, it cant do anything yet :" time="0"/>
  <testcase classname="Scenario: Give the robot commands before it has been placed  " name="Scenario: Give the robot commands before it has been placed  " time="0"/>
  <testcase classname="Given a robot thats placed at 0,0,NORTH on a table thats 5x5           " name="Given a robot thats placed at 0,0,NORTH on a table thats 5x5           " time="0"/>
  <testcase classname="When the robot is moved            " name="When the robot is moved            " time="0"/>
  <testcase classname="Then its new location is 0,1,NORTH             " name="Then its new location is 0,1,NORTH             " time="0"/>
  <testcase classname="When the robot is moved              " name="When the robot is moved              " time="0"/>
  <testcase classname="Then its new location is 0,2,NORTH               " name="Then its new location is 0,2,NORTH               " time="0"/>
  <testcase classname="When the robot is turned right                " name="When the robot is turned right                " time="0"/>
  <testcase classname="Then its new location is 0,2,EAST                 " name="Then its new location is 0,2,EAST                 " time="0"/>
  <testcase classname="When the robot is moved                  " name="When the robot is moved                  " time="0"/>
  <testcase classname="Then its new location is 1,2,EAST                   " name="Then its new location is 1,2,EAST                   " time="0.001"/>
  <testcase classname="When the robot is turned right                    " name="When the robot is turned right                    " time="0"/>
  <testcase classname="Then its new location is 1,2,SOUTH                     " name="Then its new location is 1,2,SOUTH                     " time="0"/>
  <testcase classname="When the robot is moved                      " name="When the robot is moved                      " time="0"/>
  <testcase classname="Then its new location is 1,1,SOUTH                       " name="Then its new location is 1,1,SOUTH                       " time="0"/>
  <testcase classname="When the robot is turned right                        " name="When the robot is turned right                        " time="0"/>
  <testcase classname="Then its new location is 1,1,WEST                         " name="Then its new location is 1,1,WEST                         " time="0"/>
  <testcase classname="When the robot is moved                          " name="When the robot is moved                          " time="0"/>
  <testcase classname="Then its new location is 0,1,WEST                           " name="Then its new location is 0,1,WEST                           " time="0"/>
  <testcase classname="Scenario: Move the robot around the table          " name="Scenario: Move the robot around the table          " time="0.001"/>
  <testcase classname="Given a robot thats placed at 0,0,NORTH on a table thats 5x5                             " name="Given a robot thats placed at 0,0,NORTH on a table thats 5x5                             " time="0"/>
  <testcase classname="When the robot is turned left                              " name="When the robot is turned left                              " time="0"/>
  <testcase classname="Then its new location is 0,0,WEST                               " name="Then its new location is 0,0,WEST                               " time="0"/>
  <testcase classname="When the robot is turned left                                " name="When the robot is turned left                                " time="0"/>
  <testcase classname="Then its new location is 0,0,SOUTH                                 " name="Then its new location is 0,0,SOUTH                                 " time="0"/>
  <testcase classname="When the robot is turned left                                  " name="When the robot is turned left                                  " time="0"/>
  <testcase classname="Then its new location is 0,0,EAST                                   " name="Then its new location is 0,0,EAST                                   " time="0"/>
  <testcase classname="When the robot is turned left                                    " name="When the robot is turned left                                    " time="0"/>
  <testcase classname="Then its new location is 0,0,NORTH                                     " name="Then its new location is 0,0,NORTH                                     " time="0"/>
  <testcase classname="When the robot is turned right                                      " name="When the robot is turned right                                      " time="0"/>
  <testcase classname="Then its new location is 0,0,EAST                                       " name="Then its new location is 0,0,EAST                                       " time="0"/>
  <testcase classname="When the robot is turned right                                        " name="When the robot is turned right                                        " time="0"/>
  <testcase classname="Then its new location is 0,0,SOUTH                                         " name="Then its new location is 0,0,SOUTH                                         " time="0"/>
  <testcase classname="When the robot is turned right                                          " name="When the robot is turned right                                          " time="0"/>
  <testcase classname="Then its new location is 0,0,WEST                                           " name="Then its new location is 0,0,WEST                                           " time="0"/>
  <testcase classname="When the robot is turned right                                            " name="When the robot is turned right                                            " time="0"/>
  <testcase classname="Then its new location is 0,0,NORTH                                             " name="Then its new location is 0,0,NORTH                                             " time="0"/>
  <testcase classname="Scenario: Turn the robot 360 degrees around one spot on the table                            " name="Scenario: Turn the robot 360 degrees around one spot on the table                            " time="0"/>
  <testcase classname="Given a robot thats placed at 0,4,NORTH on a table thats 5x5                                               " name="Given a robot thats placed at 0,4,NORTH on a table thats 5x5                                               " time="0"/>
  <testcase classname="When the robot is moved                                                " name="When the robot is moved                                                " time="0"/>
  <testcase classname="Then it gets a move warning message: Cant do that I&apos;m afraid, our brave little robot will fall of the table :(                                                 " name="Then it gets a move warning message: Cant do that I&apos;m afraid, our brave little robot will fall of the table :" time="0"/>
  <testcase classname="Then its new location is 0,4,NORTH                                                  " name="Then its new location is 0,4,NORTH                                                  " time="0"/>
  <testcase classname="When the robot is turned right                                                   " name="When the robot is turned right                                                   " time="0"/>
  <testcase classname="Then its new location is 0,4,EAST                                                    " name="Then its new location is 0,4,EAST                                                    " time="0"/>
  <testcase classname="When the robot is moved                                                     " name="When the robot is moved                                                     " time="0"/>
  <testcase classname="Then its new location is 1,4,EAST                                                      " name="Then its new location is 1,4,EAST                                                      " time="0"/>
  <testcase classname="Scenario: Try and move the robot off the table and continue with other valid movements after                                              " name="Scenario: Try and move the robot off the table and continue with other valid movements after                                              " time="0"/>
  <testcase classname="Given a robot and a table thats 5x5                                                         " name="Given a robot and a table thats 5x5                                                         " time="0"/>
  <testcase classname="When the robot is placed at 0,0,NORTH                                                          " name="When the robot is placed at 0,0,NORTH                                                          " time="0"/>
  <testcase classname="Then it should be at 0,0,NORTH                                                           " name="Then it should be at 0,0,NORTH                                                           " time="0"/>
  <testcase classname="When the robot is placed again this time at 1,1,NORTH                                                            " name="When the robot is placed again this time at 1,1,NORTH                                                            " time="0"/>
  <testcase classname="Then it should be at 1,1,NORTH                                                             " name="Then it should be at 1,1,NORTH                                                             " time="0"/>
  <testcase classname="When the robot is placed outside the grid on the table 10,10,NORTH                                                              " name="When the robot is placed outside the grid on the table 10,10,NORTH                                                              " time="0.001"/>
  <testcase classname="Then it gets a placement warning message: Cant place robot at: 10,10,NORTH                                                               " name="Then it gets a placement warning message: Cant place robot at: 10,10,NORTH                                                               " time="0"/>
  <testcase classname="Then it should be at 1,1,NORTH                                                                " name="Then it should be at 1,1,NORTH                                                                " time="0"/>
  <testcase classname="Scenario: Place a robot at various locations on the table                                                        " name="Scenario: Place a robot at various locations on the table                                                        " time="0.001"/>
  <testcase classname="Given the command service                                                                   " name="Given the command service                                                                   " time="0.001"/>
  <testcase classname="When the user types PLACE                                                                    " name="When the user types PLACE                                                                    " time="0"/>
  <testcase classname="Then it should be resolved to the PLACE command                                                                     " name="Then it should be resolved to the PLACE command                                                                     " time="0"/>
  <testcase classname="When the user types MOVE                                                                      " name="When the user types MOVE                                                                      " time="0"/>
  <testcase classname="Then it should be resolved to the MOVE command                                                                       " name="Then it should be resolved to the MOVE command                                                                       " time="0"/>
  <testcase classname="When the user types RIGHT                                                                        " name="When the user types RIGHT                                                                        " time="0"/>
  <testcase classname="Then it should be resolved to the RIGHT command                                                                         " name="Then it should be resolved to the RIGHT command                                                                         " time="0"/>
  <testcase classname="When the user types LEFT                                                                          " name="When the user types LEFT                                                                          " time="0"/>
  <testcase classname="Then it should be resolved to the LEFT command                                                                           " name="Then it should be resolved to the LEFT command                                                                           " time="0"/>
  <testcase classname="When the user types REPORT                                                                            " name="When the user types REPORT                                                                            " time="0"/>
  <testcase classname="Then it should be resolved to the REPORT command                                                                             " name="Then it should be resolved to the REPORT command                                                                             " time="0"/>
  <testcase classname="Scenario: Supported commands                                                                  " name="Scenario: Supported commands                                                                  " time="0.001"/>
  <testcase classname="Given the command service                                                                               " name="Given the command service                                                                               " time="0"/>
  <testcase classname="When the user types place                                                                                " name="When the user types place                                                                                " time="0.01"/>
  <testcase classname="Then it should be resolved to the PLACE command                                                                                 " name="Then it should be resolved to the PLACE command                                                                                 " time="0"/>
  <testcase classname="When the user types move                                                                                  " name="When the user types move                                                                                  " time="0"/>
  <testcase classname="Then it should be resolved to the MOVE command                                                                                   " name="Then it should be resolved to the MOVE command                                                                                   " time="0"/>
  <testcase classname="When the user types right                                                                                    " name="When the user types right                                                                                    " time="0"/>
  <testcase classname="Then it should be resolved to the RIGHT command                                                                                     " name="Then it should be resolved to the RIGHT command                                                                                     " time="0"/>
  <testcase classname="When the user types left                                                                                      " name="When the user types left                                                                                      " time="0"/>
  <testcase classname="Then it should be resolved to the LEFT command                                                                                       " name="Then it should be resolved to the LEFT command                                                                                       " time="0"/>
  <testcase classname="When the user types report                                                                                        " name="When the user types report                                                                                        " time="0"/>
  <testcase classname="Then it should be resolved to the REPORT command                                                                                         " name="Then it should be resolved to the REPORT command                                                                                         " time="0"/>
  <testcase classname="Scenario: Supported commands that does not match case exactly                                                                              " name="Scenario: Supported commands that does not match case exactly                                                                              " time="0.001"/>
  <testcase classname="Given the command service                                                                                           " name="Given the command service                                                                                           " time="0"/>
  <testcase classname="When the user types TEST                                                                                            " name="When the user types TEST                                                                                            " time="0"/>
  <testcase classname="Then it gives a command warning message: Unsupported command                                                                                             " name="Then it gives a command warning message: Unsupported command                                                                                             " time="0"/>
  <testcase classname="Scenario: Unsupported command                                                                                          " name="Scenario: Unsupported command                                                                                          " time="0"/>
</testsuite>